c:\marist\c21-2017\c21-2017\debug\vc141.pdb
c:\marist\c21-2017\c21-2017\debug\vc141.idb
c:\marist\c21-2017\c21-2017\debug\test0d.obj
c:\marist\c21-2017\c21-2017\debug\test0c.obj
c:\marist\c21-2017\c21-2017\debug\test0b.obj
c:\marist\c21-2017\c21-2017\debug\test0a.obj
c:\marist\c21-2017\c21-2017\debug\test09.obj
c:\marist\c21-2017\c21-2017\debug\test08.obj
c:\marist\c21-2017\c21-2017\debug\test07.obj
c:\marist\c21-2017\c21-2017\debug\test06.obj
c:\marist\c21-2017\c21-2017\debug\test05.obj
c:\marist\c21-2017\c21-2017\debug\test04.obj
c:\marist\c21-2017\c21-2017\debug\test03.obj
c:\marist\c21-2017\c21-2017\debug\test02.obj
c:\marist\c21-2017\c21-2017\debug\test01.obj
c:\marist\c21-2017\c21-2017\debug\test00.obj
c:\marist\c21-2017\c21-2017\debug\strategy.obj
c:\marist\c21-2017\c21-2017\debug\player.obj
c:\marist\c21-2017\c21-2017\debug\hand.obj
c:\marist\c21-2017\c21-2017\debug\game.obj
c:\marist\c21-2017\c21-2017\debug\card.obj
c:\marist\c21-2017\c21-2017\debug\utils.obj
c:\marist\c21-2017\c21-2017\debug\test11.obj
c:\marist\c21-2017\c21-2017\debug\test10.obj
c:\marist\c21-2017\c21-2017\debug\test0f.obj
c:\marist\c21-2017\c21-2017\debug\test0e.obj
c:\marist\c21-2017\c21-2017\debug\c21-2017.tlog\cl.command.1.tlog
c:\marist\c21-2017\c21-2017\debug\c21-2017.tlog\cl.read.1.tlog
c:\marist\c21-2017\c21-2017\debug\c21-2017.tlog\cl.write.1.tlog
